<?xml version="1.0" encoding="UTF-8"?>
<coverage generated="1636731920947" clover="3.2.0">
  <project timestamp="1636731920947" name="All files">
    <metrics statements="44" coveredstatements="37" conditionals="4" coveredconditionals="4" methods="9" coveredmethods="7" elements="57" coveredelements="48" complexity="0" loc="44" ncloc="44" packages="2" files="3" classes="3"/>
    <package name="server">
      <metrics statements="27" coveredstatements="24" conditionals="2" coveredconditionals="2" methods="3" coveredmethods="2"/>
      <file name="data.js" path="/Users/jakirul/Desktop/Futureproof work/Week 2 - LAP 1 Learn Week/api_framework_exercise/server/data.js">
        <metrics statements="2" coveredstatements="2" conditionals="0" coveredconditionals="0" methods="0" coveredmethods="0"/>
        <line num="3" count="1" type="stmt"/>
        <line num="9" count="1" type="stmt"/>
      </file>
      <file name="server.js" path="/Users/jakirul/Desktop/Futureproof work/Week 2 - LAP 1 Learn Week/api_framework_exercise/server/server.js">
        <metrics statements="25" coveredstatements="22" conditionals="2" coveredconditionals="2" methods="3" coveredmethods="2"/>
        <line num="1" count="1" type="stmt"/>
        <line num="2" count="1" type="stmt"/>
        <line num="3" count="1" type="stmt"/>
        <line num="5" count="1" type="stmt"/>
        <line num="6" count="1" type="stmt"/>
        <line num="7" count="1" type="stmt"/>
        <line num="9" count="1" type="stmt"/>
        <line num="10" count="1" type="stmt"/>
        <line num="11" count="1" type="stmt"/>
        <line num="14" count="1" type="stmt"/>
        <line num="15" count="0" type="stmt"/>
        <line num="16" count="0" type="stmt"/>
        <line num="17" count="0" type="stmt"/>
        <line num="20" count="1" type="stmt"/>
        <line num="21" count="2" type="stmt"/>
        <line num="22" count="2" type="stmt"/>
        <line num="23" count="2" type="stmt"/>
        <line num="24" count="2" type="stmt"/>
        <line num="25" count="2" type="stmt"/>
        <line num="26" count="2" type="cond" truecount="2" falsecount="0"/>
        <line num="27" count="1" type="stmt"/>
        <line num="29" count="1" type="stmt"/>
        <line num="32" count="1" type="stmt"/>
        <line num="33" count="1" type="stmt"/>
        <line num="37" count="1" type="stmt"/>
      </file>
    </package>
    <package name="server.models">
      <metrics statements="17" coveredstatements="13" conditionals="2" coveredconditionals="2" methods="6" coveredmethods="5"/>
      <file name="profiles.js" path="/Users/jakirul/Desktop/Futureproof work/Week 2 - LAP 1 Learn Week/api_framework_exercise/server/models/profiles.js">
        <metrics statements="17" coveredstatements="13" conditionals="2" coveredconditionals="2" methods="6" coveredmethods="5"/>
        <line num="1" count="1" type="stmt"/>
        <line num="6" count="1" type="stmt"/>
        <line num="7" count="1" type="stmt"/>
        <line num="8" count="1" type="stmt"/>
        <line num="9" count="1" type="stmt"/>
        <line num="18" count="3" type="stmt"/>
        <line num="19" count="1" type="stmt"/>
        <line num="23" count="6" type="stmt"/>
        <line num="25" count="2" type="cond" truecount="2" falsecount="0"/>
        <line num="26" count="1" type="stmt"/>
        <line num="28" count="1" type="stmt"/>
        <line num="29" count="1" type="stmt"/>
        <line num="33" count="0" type="stmt"/>
        <line num="34" count="0" type="stmt"/>
        <line num="35" count="0" type="stmt"/>
        <line num="36" count="0" type="stmt"/>
        <line num="40" count="1" type="stmt"/>
      </file>
    </package>
  </project>
</coverage>
