{"/Users/jakirul/Desktop/Futureproof work/Week 2 - LAP 1 Learn Week/api_framework_exercise/server/data.js": {"path":"/Users/jakirul/Desktop/Futureproof work/Week 2 - LAP 1 Learn Week/api_framework_exercise/server/data.js","statementMap":{"0":{"start":{"line":3,"column":17},"end":{"line":7,"column":1}},"1":{"start":{"line":9,"column":0},"end":{"line":9,"column":26}}},"fnMap":{},"branchMap":{},"s":{"0":1,"1":1},"f":{},"b":{},"_coverageSchema":"1a1c01bbd47fc00a2c39e90264f33305004495a9","hash":"5d7af6b442f3c9a121abc19b77a4d8a661d91692"}
,"/Users/jakirul/Desktop/Futureproof work/Week 2 - LAP 1 Learn Week/api_framework_exercise/server/server.js": {"path":"/Users/jakirul/Desktop/Futureproof work/Week 2 - LAP 1 Learn Week/api_framework_exercise/server/server.js","statementMap":{"0":{"start":{"line":1,"column":16},"end":{"line":1,"column":34}},"1":{"start":{"line":2,"column":12},"end":{"line":2,"column":21}},"2":{"start":{"line":3,"column":13},"end":{"line":3,"column":28}},"3":{"start":{"line":5,"column":16},"end":{"line":5,"column":44}},"4":{"start":{"line":6,"column":0},"end":{"line":6,"column":23}},"5":{"start":{"line":7,"column":0},"end":{"line":7,"column":16}},"6":{"start":{"line":9,"column":0},"end":{"line":12,"column":3}},"7":{"start":{"line":10,"column":24},"end":{"line":10,"column":37}},"8":{"start":{"line":11,"column":4},"end":{"line":11,"column":26}},"9":{"start":{"line":14,"column":0},"end":{"line":18,"column":3}},"10":{"start":{"line":15,"column":17},"end":{"line":15,"column":25}},"11":{"start":{"line":16,"column":23},"end":{"line":16,"column":43}},"12":{"start":{"line":17,"column":4},"end":{"line":17,"column":37}},"13":{"start":{"line":20,"column":0},"end":{"line":35,"column":2}},"14":{"start":{"line":21,"column":4},"end":{"line":34,"column":5}},"15":{"start":{"line":22,"column":8},"end":{"line":22,"column":36}},"16":{"start":{"line":23,"column":28},"end":{"line":23,"column":43}},"17":{"start":{"line":24,"column":8},"end":{"line":24,"column":32}},"18":{"start":{"line":25,"column":32},"end":{"line":25,"column":63}},"19":{"start":{"line":26,"column":8},"end":{"line":28,"column":9}},"20":{"start":{"line":27,"column":12},"end":{"line":27,"column":60}},"21":{"start":{"line":29,"column":8},"end":{"line":29,"column":33}},"22":{"start":{"line":32,"column":8},"end":{"line":32,"column":24}},"23":{"start":{"line":33,"column":8},"end":{"line":33,"column":52}},"24":{"start":{"line":37,"column":0},"end":{"line":37,"column":20}}},"fnMap":{"0":{"name":"(anonymous_0)","decl":{"start":{"line":9,"column":13},"end":{"line":9,"column":14}},"loc":{"start":{"line":9,"column":27},"end":{"line":12,"column":1}},"line":9},"1":{"name":"(anonymous_1)","decl":{"start":{"line":14,"column":14},"end":{"line":14,"column":15}},"loc":{"start":{"line":14,"column":28},"end":{"line":18,"column":1}},"line":14},"2":{"name":"(anonymous_2)","decl":{"start":{"line":20,"column":18},"end":{"line":20,"column":19}},"loc":{"start":{"line":20,"column":32},"end":{"line":35,"column":1}},"line":20}},"branchMap":{"0":{"loc":{"start":{"line":26,"column":8},"end":{"line":28,"column":9}},"type":"if","locations":[{"start":{"line":26,"column":8},"end":{"line":28,"column":9}},{"start":{},"end":{}}],"line":26}},"s":{"0":1,"1":1,"2":1,"3":1,"4":1,"5":1,"6":1,"7":1,"8":1,"9":1,"10":0,"11":0,"12":0,"13":1,"14":2,"15":2,"16":2,"17":2,"18":2,"19":2,"20":1,"21":1,"22":1,"23":1,"24":1},"f":{"0":1,"1":0,"2":2},"b":{"0":[1,1]},"_coverageSchema":"1a1c01bbd47fc00a2c39e90264f33305004495a9","hash":"3f98cc623c4d310965f6aab85083a2704a33fcb8"}
,"/Users/jakirul/Desktop/Futureproof work/Week 2 - LAP 1 Learn Week/api_framework_exercise/server/models/profiles.js": {"path":"/Users/jakirul/Desktop/Futureproof work/Week 2 - LAP 1 Learn Week/api_framework_exercise/server/models/profiles.js","statementMap":{"0":{"start":{"line":1,"column":20},"end":{"line":1,"column":38}},"1":{"start":{"line":6,"column":8},"end":{"line":6,"column":26}},"2":{"start":{"line":7,"column":8},"end":{"line":7,"column":30}},"3":{"start":{"line":8,"column":8},"end":{"line":8,"column":28}},"4":{"start":{"line":9,"column":8},"end":{"line":9,"column":32}},"5":{"start":{"line":18,"column":25},"end":{"line":18,"column":66}},"6":{"start":{"line":18,"column":53},"end":{"line":18,"column":65}},"7":{"start":{"line":19,"column":8},"end":{"line":19,"column":24}},"8":{"start":{"line":23,"column":29},"end":{"line":23,"column":86}},"9":{"start":{"line":23,"column":61},"end":{"line":23,"column":82}},"10":{"start":{"line":25,"column":8},"end":{"line":27,"column":9}},"11":{"start":{"line":26,"column":12},"end":{"line":26,"column":19}},"12":{"start":{"line":28,"column":24},"end":{"line":28,"column":49}},"13":{"start":{"line":29,"column":8},"end":{"line":29,"column":23}},"14":{"start":{"line":33,"column":29},"end":{"line":33,"column":51}},"15":{"start":{"line":34,"column":27},"end":{"line":34,"column":72}},"16":{"start":{"line":35,"column":8},"end":{"line":35,"column":37}},"17":{"start":{"line":36,"column":8},"end":{"line":36,"column":26}},"18":{"start":{"line":40,"column":0},"end":{"line":40,"column":24}}},"fnMap":{"0":{"name":"(anonymous_0)","decl":{"start":{"line":5,"column":4},"end":{"line":5,"column":5}},"loc":{"start":{"line":5,"column":22},"end":{"line":10,"column":5}},"line":5},"1":{"name":"(anonymous_1)","decl":{"start":{"line":17,"column":4},"end":{"line":17,"column":5}},"loc":{"start":{"line":17,"column":22},"end":{"line":20,"column":5}},"line":17},"2":{"name":"(anonymous_2)","decl":{"start":{"line":18,"column":41},"end":{"line":18,"column":42}},"loc":{"start":{"line":18,"column":53},"end":{"line":18,"column":65}},"line":18},"3":{"name":"(anonymous_3)","decl":{"start":{"line":22,"column":4},"end":{"line":22,"column":5}},"loc":{"start":{"line":22,"column":28},"end":{"line":30,"column":5}},"line":22},"4":{"name":"(anonymous_4)","decl":{"start":{"line":23,"column":48},"end":{"line":23,"column":49}},"loc":{"start":{"line":23,"column":61},"end":{"line":23,"column":82}},"line":23},"5":{"name":"(anonymous_5)","decl":{"start":{"line":32,"column":4},"end":{"line":32,"column":5}},"loc":{"start":{"line":32,"column":27},"end":{"line":37,"column":5}},"line":32}},"branchMap":{"0":{"loc":{"start":{"line":25,"column":8},"end":{"line":27,"column":9}},"type":"if","locations":[{"start":{"line":25,"column":8},"end":{"line":27,"column":9}},{"start":{},"end":{}}],"line":25}},"s":{"0":1,"1":1,"2":1,"3":1,"4":1,"5":1,"6":3,"7":1,"8":2,"9":6,"10":2,"11":1,"12":1,"13":1,"14":0,"15":0,"16":0,"17":0,"18":1},"f":{"0":1,"1":1,"2":3,"3":2,"4":6,"5":0},"b":{"0":[1,1]},"_coverageSchema":"1a1c01bbd47fc00a2c39e90264f33305004495a9","hash":"f626c5be95de7262e8c71488f777b90478fba7bd"}
}
